<?xml version="1.0" encoding="UTF-8"?>
<testng-results skipped="0" failed="0" ignored="0" total="1" passed="1">
  <reporter-output>
  </reporter-output>
  <suite name="Suite" duration-ms="7716" started-at="2019-06-30T03:24:58Z" finished-at="2019-06-30T03:25:06Z">
    <groups>
    </groups>
    <test name="Test" duration-ms="7716" started-at="2019-06-30T03:24:58Z" finished-at="2019-06-30T03:25:06Z">
      <class name="com.TestCases.Tc01_GetPlaceDetails_GogleMaps">
        <test-method status="PASS" signature="getPlaceDetails()[pri:0, instance:com.TestCases.Tc01_GetPlaceDetails_GogleMaps@42dafa95]" name="getPlaceDetails" duration-ms="5660" started-at="2019-06-30T03:24:59Z" finished-at="2019-06-30T03:25:05Z">
          <reporter-output>
          </reporter-output>
        </test-method> <!-- getPlaceDetails -->
      </class> <!-- com.TestCases.Tc01_GetPlaceDetails_GogleMaps -->
    </test> <!-- Test -->
  </suite> <!-- Suite -->
</testng-results>
